Arguments: 
  /usr/bin/node /usr/bin/yarn install

PATH: 
  /home/nikhil3000/bin:/home/nikhil3000/.local/bin:/usr/local/sbin:/usr/local/bin:/usr/sbin:/usr/bin:/sbin:/bin:/usr/games:/usr/local/games:/snap/bin:/usr/lib/jvm/java-8-oracle/bin:/usr/lib/jvm/java-8-oracle/db/bin:/usr/lib/jvm/java-8-oracle/jre/bin

Yarn version: 
  1.10.1

Node version: 
  8.14.0

Platform: 
  linux x64

Trace: 
  Error: read ECONNRESET
      at TLSWrap.onread (net.js:622:25)

npm manifest: 
  {
    "name": "web-scraper",
    "version": "1.0.0",
    "description": "Web scraper initially made to check 3rd sem result",
    "main": "server.js",
    "scripts": {
      "start": "node server.js"
    },
    "author": "",
    "license": "ISC",
    "dependencies": {
      "cheerio": "^1.0.0-rc.2",
      "express": "^4.16.2",
      "fs": "0.0.1-security",
      "nexmo": "^2.1.1",
      "nodemailer": "^4.4.1",
      "request": "^2.83.0",
      "sleep": "^5.1.1",
      "textmagic-rest-client": "^1.0.9",
      "thread-sleep": "^2.0.0"
    }
  }

yarn manifest: 
  No manifest

Lockfile: 
  No lockfile
